<?xml version="1.0" encoding="UTF-8" ?>
<testsuite failures="1" time="126.602" errors="0" skipped="0" tests="11" name="TestSuite">
  <properties>
    <property name="java.runtime.name" value="Java(TM) SE Runtime Environment"/>
    <property name="sun.boot.library.path" value="C:\Program Files\Java\jdk1.7.0\jre\bin"/>
    <property name="java.vm.version" value="21.0-b17"/>
    <property name="java.vm.vendor" value="Oracle Corporation"/>
    <property name="java.vendor.url" value="http://java.oracle.com/"/>
    <property name="path.separator" value=";"/>
    <property name="java.vm.name" value="Java HotSpot(TM) 64-Bit Server VM"/>
    <property name="file.encoding.pkg" value="sun.io"/>
    <property name="user.script" value=""/>
    <property name="user.country" value="US"/>
    <property name="sun.java.launcher" value="SUN_STANDARD"/>
    <property name="sun.os.patch.level" value="Service Pack 1"/>
    <property name="java.vm.specification.name" value="Java Virtual Machine Specification"/>
    <property name="user.dir" value="C:\Users\Hyoung\workspace\selenium2"/>
    <property name="java.runtime.version" value="1.7.0-b147"/>
    <property name="java.awt.graphicsenv" value="sun.awt.Win32GraphicsEnvironment"/>
    <property name="basedir" value="C:\Users\Hyoung\workspace\selenium2"/>
    <property name="java.endorsed.dirs" value="C:\Program Files\Java\jdk1.7.0\jre\lib\endorsed"/>
    <property name="os.arch" value="amd64"/>
    <property name="surefire.real.class.path" value="C:\Users\Hyoung\AppData\Local\Temp\surefirebooter5295243313001726000.jar"/>
    <property name="java.io.tmpdir" value="C:\Users\Hyoung\AppData\Local\Temp\"/>
    <property name="line.separator" value="
"/>
    <property name="java.vm.specification.vendor" value="Oracle Corporation"/>
    <property name="user.variant" value=""/>
    <property name="os.name" value="Windows 7"/>
    <property name="sun.jnu.encoding" value="Cp1252"/>
    <property name="java.library.path" value="C:\Program Files\Java\jdk1.7.0\jre\bin;C:\Windows\Sun\Java\bin;C:\Windows\system32;C:\Windows;C:\Windows\system32;C:\Windows;C:\Windows\System32\Wbem;C:\Windows\System32\WindowsPowerShell\v1.0\;C:\Program Files (x86)\Microsoft SQL Server\100\Tools\Binn\;C:\Program Files\Microsoft SQL Server\100\Tools\Binn\;C:\Program Files\Microsoft SQL Server\100\DTS\Binn\;C:\Program Files (x86)\Microsoft SQL Server\100\Tools\Binn\VSShell\Common7\IDE\;C:\Program Files (x86)\Microsoft Visual Studio 9.0\Common7\IDE\PrivateAssemblies\;C:\Program Files (x86)\Microsoft SQL Server\100\DTS\Binn\;C:\Program Files\TortoiseGit\bin;C:\Program Files\TortoiseSVN\bin;."/>
    <property name="surefire.test.class.path" value="C:\Users\Hyoung\workspace\selenium2\target\test-classes;C:\Users\Hyoung\workspace\selenium2\target\classes;C:\Users\Hyoung\.m2\repository\com\google\guava\guava\r09\guava-r09.jar;C:\Users\Hyoung\.m2\repository\junit\junit\4.11\junit-4.11.jar;C:\Users\Hyoung\.m2\repository\org\hamcrest\hamcrest-core\1.3\hamcrest-core-1.3.jar;C:\Users\Hyoung\.m2\repository\org\seleniumhq\selenium\selenium-java\2.37.1\selenium-java-2.37.1.jar;C:\Users\Hyoung\.m2\repository\org\seleniumhq\selenium\selenium-android-driver\2.37.1\selenium-android-driver-2.37.1.jar;C:\Users\Hyoung\.m2\repository\org\seleniumhq\selenium\selenium-htmlunit-driver\2.37.1\selenium-htmlunit-driver-2.37.1.jar;C:\Users\Hyoung\.m2\repository\net\sourceforge\htmlunit\htmlunit\2.13\htmlunit-2.13.jar;C:\Users\Hyoung\.m2\repository\xalan\xalan\2.7.1\xalan-2.7.1.jar;C:\Users\Hyoung\.m2\repository\xalan\serializer\2.7.1\serializer-2.7.1.jar;C:\Users\Hyoung\.m2\repository\commons-collections\commons-collections\3.2.1\commons-collections-3.2.1.jar;C:\Users\Hyoung\.m2\repository\org\apache\commons\commons-lang3\3.1\commons-lang3-3.1.jar;C:\Users\Hyoung\.m2\repository\org\apache\httpcomponents\httpmime\4.3.1\httpmime-4.3.1.jar;C:\Users\Hyoung\.m2\repository\commons-codec\commons-codec\1.8\commons-codec-1.8.jar;C:\Users\Hyoung\.m2\repository\net\sourceforge\htmlunit\htmlunit-core-js\2.13\htmlunit-core-js-2.13.jar;C:\Users\Hyoung\.m2\repository\xerces\xercesImpl\2.11.0\xercesImpl-2.11.0.jar;C:\Users\Hyoung\.m2\repository\xml-apis\xml-apis\1.4.01\xml-apis-1.4.01.jar;C:\Users\Hyoung\.m2\repository\net\sourceforge\nekohtml\nekohtml\1.9.19\nekohtml-1.9.19.jar;C:\Users\Hyoung\.m2\repository\net\sourceforge\cssparser\cssparser\0.9.11\cssparser-0.9.11.jar;C:\Users\Hyoung\.m2\repository\org\w3c\css\sac\1.3\sac-1.3.jar;C:\Users\Hyoung\.m2\repository\commons-logging\commons-logging\1.1.3\commons-logging-1.1.3.jar;C:\Users\Hyoung\.m2\repository\org\eclipse\jetty\jetty-websocket\8.1.12.v20130726\jetty-websocket-8.1.12.v20130726.jar;C:\Users\Hyoung\.m2\repository\org\eclipse\jetty\jetty-util\8.1.12.v20130726\jetty-util-8.1.12.v20130726.jar;C:\Users\Hyoung\.m2\repository\org\eclipse\jetty\jetty-io\8.1.12.v20130726\jetty-io-8.1.12.v20130726.jar;C:\Users\Hyoung\.m2\repository\org\eclipse\jetty\jetty-http\8.1.12.v20130726\jetty-http-8.1.12.v20130726.jar;C:\Users\Hyoung\.m2\repository\org\apache\httpcomponents\httpclient\4.3\httpclient-4.3.jar;C:\Users\Hyoung\.m2\repository\org\apache\httpcomponents\httpcore\4.3\httpcore-4.3.jar;C:\Users\Hyoung\.m2\repository\org\seleniumhq\selenium\selenium-firefox-driver\2.37.1\selenium-firefox-driver-2.37.1.jar;C:\Users\Hyoung\.m2\repository\commons-io\commons-io\2.2\commons-io-2.2.jar;C:\Users\Hyoung\.m2\repository\org\apache\commons\commons-exec\1.1\commons-exec-1.1.jar;C:\Users\Hyoung\.m2\repository\org\seleniumhq\selenium\selenium-ie-driver\2.37.1\selenium-ie-driver-2.37.1.jar;C:\Users\Hyoung\.m2\repository\net\java\dev\jna\jna\3.4.0\jna-3.4.0.jar;C:\Users\Hyoung\.m2\repository\net\java\dev\jna\platform\3.4.0\platform-3.4.0.jar;C:\Users\Hyoung\.m2\repository\org\seleniumhq\selenium\selenium-iphone-driver\2.37.1\selenium-iphone-driver-2.37.1.jar;C:\Users\Hyoung\.m2\repository\org\seleniumhq\selenium\selenium-safari-driver\2.37.1\selenium-safari-driver-2.37.1.jar;C:\Users\Hyoung\.m2\repository\org\seleniumhq\selenium\selenium-support\2.37.1\selenium-support-2.37.1.jar;C:\Users\Hyoung\.m2\repository\org\seleniumhq\selenium\selenium-api\2.37.1\selenium-api-2.37.1.jar;C:\Users\Hyoung\.m2\repository\org\webbitserver\webbit\0.4.14\webbit-0.4.14.jar;C:\Users\Hyoung\.m2\repository\io\netty\netty\3.5.2.Final\netty-3.5.2.Final.jar;C:\Users\Hyoung\.m2\repository\org\seleniumhq\selenium\selenium-chrome-driver\2.37.1\selenium-chrome-driver-2.37.1.jar;C:\Users\Hyoung\.m2\repository\org\seleniumhq\selenium\selenium-remote-driver\2.37.1\selenium-remote-driver-2.37.1.jar;C:\Users\Hyoung\.m2\repository\cglib\cglib-nodep\2.1_3\cglib-nodep-2.1_3.jar;C:\Users\Hyoung\.m2\repository\org\json\json\20080701\json-20080701.jar;C:\Users\Hyoung\.m2\repository\org\testng\testng\6.1.1\testng-6.1.1.jar;C:\Users\Hyoung\.m2\repository\org\beanshell\bsh\2.0b4\bsh-2.0b4.jar;C:\Users\Hyoung\.m2\repository\com\beust\jcommander\1.12\jcommander-1.12.jar;C:\Users\Hyoung\.m2\repository\org\yaml\snakeyaml\1.6\snakeyaml-1.6.jar;"/>
    <property name="java.specification.name" value="Java Platform API Specification"/>
    <property name="java.class.version" value="51.0"/>
    <property name="sun.management.compiler" value="HotSpot 64-Bit Tiered Compilers"/>
    <property name="os.version" value="6.1"/>
    <property name="user.home" value="C:\Users\Hyoung"/>
    <property name="user.timezone" value="America/Los_Angeles"/>
    <property name="java.awt.printerjob" value="sun.awt.windows.WPrinterJob"/>
    <property name="java.specification.version" value="1.7"/>
    <property name="file.encoding" value="Cp1252"/>
    <property name="user.name" value="hyoung"/>
    <property name="java.class.path" value="C:\Users\Hyoung\workspace\selenium2\target\test-classes;C:\Users\Hyoung\workspace\selenium2\target\classes;C:\Users\Hyoung\.m2\repository\com\google\guava\guava\r09\guava-r09.jar;C:\Users\Hyoung\.m2\repository\junit\junit\4.11\junit-4.11.jar;C:\Users\Hyoung\.m2\repository\org\hamcrest\hamcrest-core\1.3\hamcrest-core-1.3.jar;C:\Users\Hyoung\.m2\repository\org\seleniumhq\selenium\selenium-java\2.37.1\selenium-java-2.37.1.jar;C:\Users\Hyoung\.m2\repository\org\seleniumhq\selenium\selenium-android-driver\2.37.1\selenium-android-driver-2.37.1.jar;C:\Users\Hyoung\.m2\repository\org\seleniumhq\selenium\selenium-htmlunit-driver\2.37.1\selenium-htmlunit-driver-2.37.1.jar;C:\Users\Hyoung\.m2\repository\net\sourceforge\htmlunit\htmlunit\2.13\htmlunit-2.13.jar;C:\Users\Hyoung\.m2\repository\xalan\xalan\2.7.1\xalan-2.7.1.jar;C:\Users\Hyoung\.m2\repository\xalan\serializer\2.7.1\serializer-2.7.1.jar;C:\Users\Hyoung\.m2\repository\commons-collections\commons-collections\3.2.1\commons-collections-3.2.1.jar;C:\Users\Hyoung\.m2\repository\org\apache\commons\commons-lang3\3.1\commons-lang3-3.1.jar;C:\Users\Hyoung\.m2\repository\org\apache\httpcomponents\httpmime\4.3.1\httpmime-4.3.1.jar;C:\Users\Hyoung\.m2\repository\commons-codec\commons-codec\1.8\commons-codec-1.8.jar;C:\Users\Hyoung\.m2\repository\net\sourceforge\htmlunit\htmlunit-core-js\2.13\htmlunit-core-js-2.13.jar;C:\Users\Hyoung\.m2\repository\xerces\xercesImpl\2.11.0\xercesImpl-2.11.0.jar;C:\Users\Hyoung\.m2\repository\xml-apis\xml-apis\1.4.01\xml-apis-1.4.01.jar;C:\Users\Hyoung\.m2\repository\net\sourceforge\nekohtml\nekohtml\1.9.19\nekohtml-1.9.19.jar;C:\Users\Hyoung\.m2\repository\net\sourceforge\cssparser\cssparser\0.9.11\cssparser-0.9.11.jar;C:\Users\Hyoung\.m2\repository\org\w3c\css\sac\1.3\sac-1.3.jar;C:\Users\Hyoung\.m2\repository\commons-logging\commons-logging\1.1.3\commons-logging-1.1.3.jar;C:\Users\Hyoung\.m2\repository\org\eclipse\jetty\jetty-websocket\8.1.12.v20130726\jetty-websocket-8.1.12.v20130726.jar;C:\Users\Hyoung\.m2\repository\org\eclipse\jetty\jetty-util\8.1.12.v20130726\jetty-util-8.1.12.v20130726.jar;C:\Users\Hyoung\.m2\repository\org\eclipse\jetty\jetty-io\8.1.12.v20130726\jetty-io-8.1.12.v20130726.jar;C:\Users\Hyoung\.m2\repository\org\eclipse\jetty\jetty-http\8.1.12.v20130726\jetty-http-8.1.12.v20130726.jar;C:\Users\Hyoung\.m2\repository\org\apache\httpcomponents\httpclient\4.3\httpclient-4.3.jar;C:\Users\Hyoung\.m2\repository\org\apache\httpcomponents\httpcore\4.3\httpcore-4.3.jar;C:\Users\Hyoung\.m2\repository\org\seleniumhq\selenium\selenium-firefox-driver\2.37.1\selenium-firefox-driver-2.37.1.jar;C:\Users\Hyoung\.m2\repository\commons-io\commons-io\2.2\commons-io-2.2.jar;C:\Users\Hyoung\.m2\repository\org\apache\commons\commons-exec\1.1\commons-exec-1.1.jar;C:\Users\Hyoung\.m2\repository\org\seleniumhq\selenium\selenium-ie-driver\2.37.1\selenium-ie-driver-2.37.1.jar;C:\Users\Hyoung\.m2\repository\net\java\dev\jna\jna\3.4.0\jna-3.4.0.jar;C:\Users\Hyoung\.m2\repository\net\java\dev\jna\platform\3.4.0\platform-3.4.0.jar;C:\Users\Hyoung\.m2\repository\org\seleniumhq\selenium\selenium-iphone-driver\2.37.1\selenium-iphone-driver-2.37.1.jar;C:\Users\Hyoung\.m2\repository\org\seleniumhq\selenium\selenium-safari-driver\2.37.1\selenium-safari-driver-2.37.1.jar;C:\Users\Hyoung\.m2\repository\org\seleniumhq\selenium\selenium-support\2.37.1\selenium-support-2.37.1.jar;C:\Users\Hyoung\.m2\repository\org\seleniumhq\selenium\selenium-api\2.37.1\selenium-api-2.37.1.jar;C:\Users\Hyoung\.m2\repository\org\webbitserver\webbit\0.4.14\webbit-0.4.14.jar;C:\Users\Hyoung\.m2\repository\io\netty\netty\3.5.2.Final\netty-3.5.2.Final.jar;C:\Users\Hyoung\.m2\repository\org\seleniumhq\selenium\selenium-chrome-driver\2.37.1\selenium-chrome-driver-2.37.1.jar;C:\Users\Hyoung\.m2\repository\org\seleniumhq\selenium\selenium-remote-driver\2.37.1\selenium-remote-driver-2.37.1.jar;C:\Users\Hyoung\.m2\repository\cglib\cglib-nodep\2.1_3\cglib-nodep-2.1_3.jar;C:\Users\Hyoung\.m2\repository\org\json\json\20080701\json-20080701.jar;C:\Users\Hyoung\.m2\repository\org\testng\testng\6.1.1\testng-6.1.1.jar;C:\Users\Hyoung\.m2\repository\org\beanshell\bsh\2.0b4\bsh-2.0b4.jar;C:\Users\Hyoung\.m2\repository\com\beust\jcommander\1.12\jcommander-1.12.jar;C:\Users\Hyoung\.m2\repository\org\yaml\snakeyaml\1.6\snakeyaml-1.6.jar;"/>
    <property name="java.vm.specification.version" value="1.7"/>
    <property name="sun.arch.data.model" value="64"/>
    <property name="java.home" value="C:\Program Files\Java\jdk1.7.0\jre"/>
    <property name="sun.java.command" value="C:\Users\Hyoung\AppData\Local\Temp\surefirebooter5295243313001726000.jar C:\Users\Hyoung\AppData\Local\Temp\surefire4121829889342556620tmp C:\Users\Hyoung\AppData\Local\Temp\surefire8307366049907552980tmp"/>
    <property name="java.specification.vendor" value="Oracle Corporation"/>
    <property name="user.language" value="en"/>
    <property name="awt.toolkit" value="sun.awt.windows.WToolkit"/>
    <property name="java.vm.info" value="mixed mode"/>
    <property name="java.version" value="1.7.0"/>
    <property name="java.ext.dirs" value="C:\Program Files\Java\jdk1.7.0\jre\lib\ext;C:\Windows\Sun\Java\lib\ext"/>
    <property name="sun.boot.class.path" value="C:\Program Files\Java\jdk1.7.0\jre\lib\resources.jar;C:\Program Files\Java\jdk1.7.0\jre\lib\rt.jar;C:\Program Files\Java\jdk1.7.0\jre\lib\sunrsasign.jar;C:\Program Files\Java\jdk1.7.0\jre\lib\jsse.jar;C:\Program Files\Java\jdk1.7.0\jre\lib\jce.jar;C:\Program Files\Java\jdk1.7.0\jre\lib\charsets.jar;C:\Program Files\Java\jdk1.7.0\jre\classes"/>
    <property name="java.vendor" value="Oracle Corporation"/>
    <property name="localRepository" value="C:\Users\Hyoung\.m2\repository"/>
    <property name="file.separator" value="\"/>
    <property name="java.vendor.url.bug" value="http://bugreport.sun.com/bugreport/"/>
    <property name="sun.cpu.endian" value="little"/>
    <property name="sun.io.unicode.encoding" value="UnicodeLittle"/>
    <property name="sun.desktop" value="windows"/>
    <property name="sun.cpu.isalist" value="amd64"/>
  </properties>
  <testcase time="19.448" classname="pageobject.exercise.AmazonSeleniumTest" name="getSearchResultsAndReviews"/>
  <testcase time="15.669" classname="pageobject.exercise.AmazonSeleniumTest" name="testAddToCartSignInPrompt"/>
  <testcase time="6.77" classname="pageobject.exercise.AmazonSeleniumTest" name="testCartCount"/>
  <testcase time="11.808" classname="pageobject.exercise.AmazonSeleniumTest" name="testDailyDeals"/>
  <testcase time="8.592" classname="pageobject.exercise.AmazonSeleniumTest" name="testDailyDealsCartButton">
    <failure message="expected:&lt;Add to cart&gt; but was:&lt;null&gt;" type="java.lang.AssertionError">java.lang.AssertionError: expected:&lt;Add to cart&gt; but was:&lt;null&gt;
	at org.junit.Assert.fail(Assert.java:88)
	at org.junit.Assert.failNotEquals(Assert.java:743)
	at org.junit.Assert.assertEquals(Assert.java:118)
	at org.junit.Assert.assertEquals(Assert.java:144)
	at pageobject.exercise.AmazonSeleniumTest.testDailyDealsCartButton(AmazonSeleniumTest.java:176)
</failure>
    <system-out>in try
</system-out>
  </testcase>
  <testcase time="11.739" classname="pageobject.exercise.AmazonSeleniumTest" name="testLogIn"/>
  <testcase time="7.083" classname="pageobject.exercise.AmazonSeleniumTest" name="testRegistration"/>
  <testcase time="6.898" classname="pageobject.exercise.AmazonSeleniumTest" name="testResizeBrowser"/>
  <testcase time="15.598" classname="pageobject.exercise.AmazonSeleniumTest" name="testSearch"/>
  <testcase time="8.549" classname="pageobject.exercise.AmazonSeleniumTest" name="testSignInPage"/>
  <testcase time="7.287" classname="pageobject.exercise.AmazonSeleniumTest" name="testSignUp"/>
</testsuite>